<?xml version="1.0" encoding="UTF-8"?>
<testng-results skipped="0" failed="0" ignored="0" total="1" passed="1">
  <reporter-output>
  </reporter-output>
  <suite name="Default suite" duration-ms="82907" started-at="2020-08-15T14:51:48Z" finished-at="2020-08-15T14:53:11Z">
    <groups>
    </groups>
    <test name="Default test" duration-ms="82907" started-at="2020-08-15T14:51:48Z" finished-at="2020-08-15T14:53:11Z">
      <class name="com.pujaSeleniumLearning.tests.AmazoneTest">
        <test-method status="PASS" signature="startReport()[pri:0, instance:com.pujaSeleniumLearning.tests.AmazoneTest@4f638935]" name="startReport" is-config="true" duration-ms="193" started-at="2020-08-15T14:51:48Z" finished-at="2020-08-15T14:51:48Z">
          <reporter-output>
          </reporter-output>
        </test-method> <!-- startReport -->
        <test-method status="PASS" signature="setup()[pri:0, instance:com.pujaSeleniumLearning.tests.AmazoneTest@4f638935]" name="setup" is-config="true" duration-ms="14566" started-at="2020-08-15T14:51:48Z" finished-at="2020-08-15T14:52:03Z">
          <reporter-output>
          </reporter-output>
        </test-method> <!-- setup -->
        <test-method status="PASS" signature="intialization()[pri:0, instance:com.pujaSeleniumLearning.tests.AmazoneTest@4f638935]" name="intialization" is-config="true" duration-ms="353" started-at="2020-08-15T14:52:03Z" finished-at="2020-08-15T14:52:03Z">
          <reporter-output>
          </reporter-output>
        </test-method> <!-- intialization -->
        <test-method status="PASS" signature="createReportTest(java.lang.reflect.Method)[pri:0, instance:com.pujaSeleniumLearning.tests.AmazoneTest@4f638935]" name="createReportTest" is-config="true" duration-ms="34" started-at="2020-08-15T14:52:03Z" finished-at="2020-08-15T14:52:03Z">
          <params>
            <param index="0">
              <value>
                <![CDATA[public void com.pujaSeleniumLearning.tests.AmazoneTest.amazonLogin() throws java.lang.Exception]]>
              </value>
            </param>
          </params>
          <reporter-output>
          </reporter-output>
        </test-method> <!-- createReportTest -->
        <test-method status="PASS" signature="amazonLogin()[pri:1, instance:com.pujaSeleniumLearning.tests.AmazoneTest@4f638935]" name="amazonLogin" duration-ms="56244" started-at="2020-08-15T14:52:03Z" finished-at="2020-08-15T14:52:59Z">
          <reporter-output>
          </reporter-output>
        </test-method> <!-- amazonLogin -->
        <test-method status="PASS" signature="getResult(org.testng.ITestResult)[pri:0, instance:com.pujaSeleniumLearning.tests.AmazoneTest@4f638935]" name="getResult" is-config="true" duration-ms="74" started-at="2020-08-15T14:52:59Z" finished-at="2020-08-15T14:53:00Z">
          <params>
            <param index="0">
              <value>
                <![CDATA[[TestResult name=amazonLogin status=SUCCESS method=AmazoneTest.amazonLogin()[pri:1, instance:com.pujaSeleniumLearning.tests.AmazoneTest@4f638935] output={null}]]]>
              </value>
            </param>
          </params>
          <reporter-output>
          </reporter-output>
        </test-method> <!-- getResult -->
        <test-method status="PASS" signature="tearDown()[pri:0, instance:com.pujaSeleniumLearning.tests.AmazoneTest@4f638935]" name="tearDown" is-config="true" duration-ms="11600" started-at="2020-08-15T14:53:00Z" finished-at="2020-08-15T14:53:11Z">
          <reporter-output>
          </reporter-output>
        </test-method> <!-- tearDown -->
      </class> <!-- com.pujaSeleniumLearning.tests.AmazoneTest -->
    </test> <!-- Default test -->
  </suite> <!-- Default suite -->
</testng-results>
