<?xml version="1.0" encoding="UTF-8"?>
<testng-results skipped="0" failed="0" ignored="0" total="2" passed="2">
  <reporter-output>
  </reporter-output>
  <suite name="Default suite" duration-ms="79149" started-at="2020-08-06T03:35:51Z" finished-at="2020-08-06T03:37:10Z">
    <groups>
    </groups>
    <test name="Default test" duration-ms="79149" started-at="2020-08-06T03:35:51Z" finished-at="2020-08-06T03:37:10Z">
      <class name="com.pujaSeleniumLearning.tests.GoogleTest">
        <test-method status="PASS" signature="startReport()[pri:0, instance:com.pujaSeleniumLearning.tests.GoogleTest@35399441]" name="startReport" is-config="true" duration-ms="192" started-at="2020-08-06T03:35:50Z" finished-at="2020-08-06T03:35:51Z">
          <reporter-output>
          </reporter-output>
        </test-method> <!-- startReport -->
        <test-method status="PASS" signature="setup()[pri:0, instance:com.pujaSeleniumLearning.tests.GoogleTest@35399441]" name="setup" is-config="true" duration-ms="8100" started-at="2020-08-06T03:35:51Z" finished-at="2020-08-06T03:35:59Z">
          <reporter-output>
          </reporter-output>
        </test-method> <!-- setup -->
        <test-method status="PASS" signature="intialization()[pri:0, instance:com.pujaSeleniumLearning.tests.GoogleTest@35399441]" name="intialization" is-config="true" duration-ms="52" started-at="2020-08-06T03:35:59Z" finished-at="2020-08-06T03:35:59Z">
          <reporter-output>
          </reporter-output>
        </test-method> <!-- intialization -->
        <test-method status="PASS" signature="createReportTest(java.lang.reflect.Method)[pri:0, instance:com.pujaSeleniumLearning.tests.GoogleTest@35399441]" name="createReportTest" is-config="true" duration-ms="9" started-at="2020-08-06T03:35:59Z" finished-at="2020-08-06T03:35:59Z">
          <params>
            <param index="0">
              <value>
                <![CDATA[public void com.pujaSeleniumLearning.tests.GoogleTest.search21() throws java.lang.Exception]]>
              </value>
            </param>
          </params>
          <reporter-output>
          </reporter-output>
        </test-method> <!-- createReportTest -->
        <test-method status="PASS" signature="search21()[pri:1, instance:com.pujaSeleniumLearning.tests.GoogleTest@35399441]" name="search21" duration-ms="29186" started-at="2020-08-06T03:35:59Z" finished-at="2020-08-06T03:36:28Z">
          <reporter-output>
          </reporter-output>
        </test-method> <!-- search21 -->
        <test-method status="PASS" signature="getResult(org.testng.ITestResult)[pri:0, instance:com.pujaSeleniumLearning.tests.GoogleTest@35399441]" name="getResult" is-config="true" duration-ms="15" started-at="2020-08-06T03:36:28Z" finished-at="2020-08-06T03:36:28Z">
          <params>
            <param index="0">
              <value>
                <![CDATA[[TestResult name=search21 status=SUCCESS method=GoogleTest.search21()[pri:1, instance:com.pujaSeleniumLearning.tests.GoogleTest@35399441] output={null}]]]>
              </value>
            </param>
          </params>
          <reporter-output>
          </reporter-output>
        </test-method> <!-- getResult -->
        <test-method status="PASS" signature="createReportTest(java.lang.reflect.Method)[pri:0, instance:com.pujaSeleniumLearning.tests.GoogleTest@35399441]" name="createReportTest" is-config="true" duration-ms="0" started-at="2020-08-06T03:36:28Z" finished-at="2020-08-06T03:36:28Z">
          <params>
            <param index="0">
              <value>
                <![CDATA[public void com.pujaSeleniumLearning.tests.GoogleTest.search2() throws java.lang.Exception]]>
              </value>
            </param>
          </params>
          <reporter-output>
          </reporter-output>
        </test-method> <!-- createReportTest -->
        <test-method status="PASS" signature="search2()[pri:2, instance:com.pujaSeleniumLearning.tests.GoogleTest@35399441]" name="search2" duration-ms="30559" started-at="2020-08-06T03:36:28Z" finished-at="2020-08-06T03:36:58Z">
          <reporter-output>
          </reporter-output>
        </test-method> <!-- search2 -->
        <test-method status="PASS" signature="getResult(org.testng.ITestResult)[pri:0, instance:com.pujaSeleniumLearning.tests.GoogleTest@35399441]" name="getResult" is-config="true" duration-ms="4" started-at="2020-08-06T03:36:58Z" finished-at="2020-08-06T03:36:58Z">
          <params>
            <param index="0">
              <value>
                <![CDATA[[TestResult name=search2 status=SUCCESS method=GoogleTest.search2()[pri:2, instance:com.pujaSeleniumLearning.tests.GoogleTest@35399441] output={null}]]]>
              </value>
            </param>
          </params>
          <reporter-output>
          </reporter-output>
        </test-method> <!-- getResult -->
        <test-method status="PASS" signature="tearDown()[pri:0, instance:com.pujaSeleniumLearning.tests.GoogleTest@35399441]" name="tearDown" is-config="true" duration-ms="11184" started-at="2020-08-06T03:36:58Z" finished-at="2020-08-06T03:37:10Z">
          <reporter-output>
          </reporter-output>
        </test-method> <!-- tearDown -->
      </class> <!-- com.pujaSeleniumLearning.tests.GoogleTest -->
    </test> <!-- Default test -->
  </suite> <!-- Default suite -->
</testng-results>
